# JRE version: OpenJDK Runtime Environment (17.0.9) (build 17.0.9+0--11185874)
# Java VM: OpenJDK 64-Bit Server VM (17.0.9+0--11185874, mixed mode, tiered, compressed oops, compressed class ptrs, g1 gc, windows-amd64)
GC Precious Log:
 CPUs: 20 total, 20 available
 Memory: 16011M
 Large Page Support: Disabled
 NUMA Support: Disabled
 Compressed Oops: Enabled (Zero based)
 Heap Region Size: 2M
 Heap Min Capacity: 8M
 Heap Initial Capacity: 252M
 Heap Max Capacity: 4004M
 Pre-touch: Disabled
 Parallel Workers: 15
 Concurrent Workers: 4
 Concurrent Refinement Workers: 15
 Periodic GC: Disabled
Heap:
 garbage-first heap   total 137216K, used 78179K [0x0000000705c00000, 0x0000000800000000)
  region size 2048K, 5 young (10240K), 3 survivors (6144K)
 Metaspace       used 65532K, committed 65856K, reserved 1114112K
  class space    used 7331K, committed 7488K, reserved 1048576K
GC Heap History (20 events):
Event: 3.381 GC heap before
{Heap before GC invocations=14 (full 0):
 garbage-first heap   total 104448K, used 72525K [0x0000000705c00000, 0x0000000800000000)
  region size 2048K, 21 young (43008K), 2 survivors (4096K)
 Metaspace       used 56287K, committed 56576K, reserved 1114112K
  class space    used 6716K, committed 6848K, reserved 1048576K
}
Event: 3.389 GC heap after
{Heap after GC invocations=15 (full 0):
 garbage-first heap   total 104448K, used 38366K [0x0000000705c00000, 0x0000000800000000)
  region size 2048K, 3 young (6144K), 3 survivors (6144K)
 Metaspace       used 56287K, committed 56576K, reserved 1114112K
  class space    used 6716K, committed 6848K, reserved 1048576K
}
Event: 3.889 GC heap before
{Heap before GC invocations=15 (full 0):
 garbage-first heap   total 104448K, used 75230K [0x0000000705c00000, 0x0000000800000000)
  region size 2048K, 21 young (43008K), 3 survivors (6144K)
 Metaspace       used 57713K, committed 57984K, reserved 1114112K
  class space    used 6767K, committed 6848K, reserved 1048576K
}
Event: 3.902 GC heap after
{Heap after GC invocations=16 (full 0):
 garbage-first heap   total 104448K, used 45545K [0x0000000705c00000, 0x0000000800000000)
  region size 2048K, 3 young (6144K), 3 survivors (6144K)
 Metaspace       used 57713K, committed 57984K, reserved 1114112K
  class space    used 6767K, committed 6848K, reserved 1048576K
}
Event: 4.209 GC heap before
{Heap before GC invocations=16 (full 0):
 garbage-first heap   total 104448K, used 76265K [0x0000000705c00000, 0x0000000800000000)
  region size 2048K, 18 young (36864K), 3 survivors (6144K)
 Metaspace       used 58754K, committed 59008K, reserved 1114112K
  class space    used 6873K, committed 6976K, reserved 1048576K
}
Event: 4.219 GC heap after
{Heap after GC invocations=17 (full 0):
 garbage-first heap   total 104448K, used 51373K [0x0000000705c00000, 0x0000000800000000)
  region size 2048K, 3 young (6144K), 3 survivors (6144K)
 Metaspace       used 58754K, committed 59008K, reserved 1114112K
  class space    used 6873K, committed 6976K, reserved 1048576K
}
Event: 4.519 GC heap before
{Heap before GC invocations=17 (full 0):
 garbage-first heap   total 104448K, used 73901K [0x0000000705c00000, 0x0000000800000000)
  region size 2048K, 15 young (30720K), 3 survivors (6144K)
 Metaspace       used 59951K, committed 60160K, reserved 1114112K
  class space    used 7001K, committed 7104K, reserved 1048576K
}
Event: 4.526 GC heap after
{Heap after GC invocations=18 (full 0):
 garbage-first heap   total 126976K, used 52821K [0x0000000705c00000, 0x0000000800000000)
  region size 2048K, 1 young (2048K), 1 survivors (2048K)
 Metaspace       used 59951K, committed 60160K, reserved 1114112K
  class space    used 7001K, committed 7104K, reserved 1048576K
}
Event: 5.379 GC heap before
{Heap before GC invocations=19 (full 0):
 garbage-first heap   total 126976K, used 93781K [0x0000000705c00000, 0x0000000800000000)
  region size 2048K, 21 young (43008K), 1 survivors (2048K)
 Metaspace       used 62286K, committed 62592K, reserved 1114112K
  class space    used 7101K, committed 7232K, reserved 1048576K
}
Event: 5.388 GC heap after
{Heap after GC invocations=20 (full 0):
 garbage-first heap   total 126976K, used 57525K [0x0000000705c00000, 0x0000000800000000)
  region size 2048K, 3 young (6144K), 3 survivors (6144K)
 Metaspace       used 62286K, committed 62592K, reserved 1114112K
  class space    used 7101K, committed 7232K, reserved 1048576K
}
Event: 6.126 GC heap before
{Heap before GC invocations=20 (full 0):
 garbage-first heap   total 126976K, used 96437K [0x0000000705c00000, 0x0000000800000000)
  region size 2048K, 22 young (45056K), 3 survivors (6144K)
 Metaspace       used 64010K, committed 64320K, reserved 1114112K
  class space    used 7248K, committed 7424K, reserved 1048576K
}
Event: 6.137 GC heap after
{Heap after GC invocations=21 (full 0):
 garbage-first heap   total 126976K, used 63449K [0x0000000705c00000, 0x0000000800000000)
  region size 2048K, 3 young (6144K), 3 survivors (6144K)
 Metaspace       used 64010K, committed 64320K, reserved 1114112K
  class space    used 7248K, committed 7424K, reserved 1048576K
}
Event: 6.476 GC heap before
{Heap before GC invocations=21 (full 0):
 garbage-first heap   total 126976K, used 96217K [0x0000000705c00000, 0x0000000800000000)
  region size 2048K, 19 young (38912K), 3 survivors (6144K)
 Metaspace       used 64562K, committed 64896K, reserved 1114112K
  class space    used 7282K, committed 7424K, reserved 1048576K
}
Event: 6.484 GC heap after
{Heap after GC invocations=22 (full 0):
 garbage-first heap   total 126976K, used 68010K [0x0000000705c00000, 0x0000000800000000)
  region size 2048K, 3 young (6144K), 3 survivors (6144K)
 Metaspace       used 64562K, committed 64896K, reserved 1114112K
  class space    used 7282K, committed 7424K, reserved 1048576K
}
Event: 6.763 GC heap before
{Heap before GC invocations=23 (full 0):
 garbage-first heap   total 126976K, used 84394K [0x0000000705c00000, 0x0000000800000000)
  region size 2048K, 12 young (24576K), 3 survivors (6144K)
 Metaspace       used 64792K, committed 65088K, reserved 1114112K
  class space    used 7282K, committed 7424K, reserved 1048576K
}
Event: 6.769 GC heap after
{Heap after GC invocations=24 (full 0):
 garbage-first heap   total 126976K, used 70089K [0x0000000705c00000, 0x0000000800000000)
  region size 2048K, 2 young (4096K), 2 survivors (4096K)
 Metaspace       used 64792K, committed 65088K, reserved 1114112K
  class space    used 7282K, committed 7424K, reserved 1048576K
}
Event: 7.251 GC heap before
{Heap before GC invocations=25 (full 0):
 garbage-first heap   total 131072K, used 100809K [0x0000000705c00000, 0x0000000800000000)
  region size 2048K, 16 young (32768K), 2 survivors (4096K)
 Metaspace       used 65211K, committed 65536K, reserved 1114112K
  class space    used 7311K, committed 7488K, reserved 1048576K
}
Event: 7.255 GC heap after
{Heap after GC invocations=26 (full 0):
 garbage-first heap   total 131072K, used 73751K [0x0000000705c00000, 0x0000000800000000)
  region size 2048K, 2 young (4096K), 2 survivors (4096K)
 Metaspace       used 65211K, committed 65536K, reserved 1114112K
  class space    used 7311K, committed 7488K, reserved 1048576K
}
Event: 7.843 GC heap before
{Heap before GC invocations=26 (full 0):
 garbage-first heap   total 131072K, used 104471K [0x0000000705c00000, 0x0000000800000000)
  region size 2048K, 17 young (34816K), 2 survivors (4096K)
 Metaspace       used 65510K, committed 65792K, reserved 1114112K
  class space    used 7327K, committed 7488K, reserved 1048576K
}
Event: 7.849 GC heap after
{Heap after GC invocations=27 (full 0):
 garbage-first heap   total 131072K, used 76131K [0x0000000705c00000, 0x0000000800000000)
  region size 2048K, 3 young (6144K), 3 survivors (6144K)
 Metaspace       used 65510K, committed 65792K, reserved 1114112K
  class space    used 7327K, committed 7488K, reserved 1048576K
}

